mode: atomic
github.com/xakep666/mongo-migrate/global_migrate.go:13.63,16.16 3 7
github.com/xakep666/mongo-migrate/global_migrate.go:19.2,19.51 1 5
github.com/xakep666/mongo-migrate/global_migrate.go:22.2,28.12 2 4
github.com/xakep666/mongo-migrate/global_migrate.go:16.16,18.3 1 2
github.com/xakep666/mongo-migrate/global_migrate.go:19.51,21.3 1 1
github.com/xakep666/mongo-migrate/global_migrate.go:51.45,53.2 1 5
github.com/xakep666/mongo-migrate/global_migrate.go:56.43,57.54 1 2
github.com/xakep666/mongo-migrate/global_migrate.go:57.54,58.13 1 1
github.com/xakep666/mongo-migrate/global_migrate.go:63.41,67.2 3 2
github.com/xakep666/mongo-migrate/global_migrate.go:70.36,72.2 1 3
github.com/xakep666/mongo-migrate/global_migrate.go:75.43,77.2 1 1
github.com/xakep666/mongo-migrate/global_migrate.go:80.31,82.2 1 2
github.com/xakep666/mongo-migrate/global_migrate.go:85.40,87.2 1 2
github.com/xakep666/mongo-migrate/global_migrate.go:91.22,93.2 1 2
github.com/xakep666/mongo-migrate/global_migrate.go:97.24,99.2 1 1
github.com/xakep666/mongo-migrate/migrate.go:34.69,42.2 3 16
github.com/xakep666/mongo-migrate/migrate.go:46.56,48.2 1 1
github.com/xakep666/mongo-migrate/migrate.go:51.44,53.2 1 2
github.com/xakep666/mongo-migrate/migrate.go:55.64,57.16 2 31
github.com/xakep666/mongo-migrate/migrate.go:60.2,60.26 1 31
github.com/xakep666/mongo-migrate/migrate.go:65.2,65.19 1 11
github.com/xakep666/mongo-migrate/migrate.go:57.16,59.3 1 0
github.com/xakep666/mongo-migrate/migrate.go:60.26,61.16 1 20
github.com/xakep666/mongo-migrate/migrate.go:61.16,63.4 1 20
github.com/xakep666/mongo-migrate/migrate.go:68.65,70.16 2 31
github.com/xakep666/mongo-migrate/migrate.go:73.2,73.11 1 31
github.com/xakep666/mongo-migrate/migrate.go:77.2,81.9 1 11
github.com/xakep666/mongo-migrate/migrate.go:70.16,72.3 1 0
github.com/xakep666/mongo-migrate/migrate.go:73.11,75.3 1 20
github.com/xakep666/mongo-migrate/migrate.go:85.53,86.77 1 31
github.com/xakep666/mongo-migrate/migrate.go:90.2,93.28 3 31
github.com/xakep666/mongo-migrate/migrate.go:96.2,96.16 1 19
github.com/xakep666/mongo-migrate/migrate.go:99.2,99.42 1 19
github.com/xakep666/mongo-migrate/migrate.go:86.77,88.3 1 0
github.com/xakep666/mongo-migrate/migrate.go:93.28,95.3 1 12
github.com/xakep666/mongo-migrate/migrate.go:96.16,98.3 1 0
github.com/xakep666/mongo-migrate/migrate.go:103.72,109.2 1 28
github.com/xakep666/mongo-migrate/migrate.go:114.35,116.16 2 11
github.com/xakep666/mongo-migrate/migrate.go:119.2,119.37 1 11
github.com/xakep666/mongo-migrate/migrate.go:122.2,124.56 2 11
github.com/xakep666/mongo-migrate/migrate.go:140.2,140.12 1 10
github.com/xakep666/mongo-migrate/migrate.go:116.16,118.3 1 0
github.com/xakep666/mongo-migrate/migrate.go:119.37,121.3 1 10
github.com/xakep666/mongo-migrate/migrate.go:124.56,126.65 2 21
github.com/xakep666/mongo-migrate/migrate.go:129.3,130.44 2 19
github.com/xakep666/mongo-migrate/migrate.go:133.3,133.22 1 18
github.com/xakep666/mongo-migrate/migrate.go:136.3,136.80 1 18
github.com/xakep666/mongo-migrate/migrate.go:126.65,127.12 1 2
github.com/xakep666/mongo-migrate/migrate.go:130.44,132.4 1 1
github.com/xakep666/mongo-migrate/migrate.go:133.22,135.4 1 0
github.com/xakep666/mongo-migrate/migrate.go:136.80,138.4 1 0
github.com/xakep666/mongo-migrate/migrate.go:146.37,148.16 2 6
github.com/xakep666/mongo-migrate/migrate.go:151.2,151.37 1 6
github.com/xakep666/mongo-migrate/migrate.go:154.2,156.59 2 6
github.com/xakep666/mongo-migrate/migrate.go:179.2,179.12 1 5
github.com/xakep666/mongo-migrate/migrate.go:148.16,150.3 1 0
github.com/xakep666/mongo-migrate/migrate.go:151.37,153.3 1 5
github.com/xakep666/mongo-migrate/migrate.go:156.59,158.66 2 10
github.com/xakep666/mongo-migrate/migrate.go:161.3,162.46 2 8
github.com/xakep666/mongo-migrate/migrate.go:166.3,167.13 2 7
github.com/xakep666/mongo-migrate/migrate.go:172.3,172.22 1 7
github.com/xakep666/mongo-migrate/migrate.go:175.3,175.88 1 7
github.com/xakep666/mongo-migrate/migrate.go:158.66,159.12 1 2
github.com/xakep666/mongo-migrate/migrate.go:162.46,164.4 1 1
github.com/xakep666/mongo-migrate/migrate.go:167.13,169.4 1 3
github.com/xakep666/mongo-migrate/migrate.go:169.9,171.4 1 4
github.com/xakep666/mongo-migrate/migrate.go:172.22,174.4 1 0
github.com/xakep666/mongo-migrate/migrate.go:175.88,177.4 1 0
github.com/xakep666/mongo-migrate/migration.go:28.44,29.45 1 18
github.com/xakep666/mongo-migrate/migration.go:29.45,31.3 1 22
github.com/xakep666/mongo-migrate/migration.go:34.62,35.31 1 7
github.com/xakep666/mongo-migrate/migration.go:40.2,40.14 1 5
github.com/xakep666/mongo-migrate/migration.go:35.31,36.27 1 8
github.com/xakep666/mongo-migrate/migration.go:36.27,38.4 1 2
github.com/xakep666/mongo-migrate/util.go:10.69,13.45 2 11
github.com/xakep666/mongo-migrate/util.go:17.2,18.15 2 10
github.com/xakep666/mongo-migrate/util.go:22.2,23.16 2 9
github.com/xakep666/mongo-migrate/util.go:27.2,29.34 2 6
github.com/xakep666/mongo-migrate/util.go:13.45,15.3 1 1
github.com/xakep666/mongo-migrate/util.go:18.15,20.3 1 1
github.com/xakep666/mongo-migrate/util.go:23.16,25.3 1 3
